# project go_demo (0.0.1) configured on Sat Nov 14 22:27:21 2009 by
# waf 1.5.9 (abi 7, python 20604f0 on linux2)
# using /home/michael/bin/waf distclean configure build
#
Checking for program 6a

find program=['6a'] paths=[] var='AS' -> '/home/michael/bin/go/6a'

Checking for program 6c

find program=['6c'] paths=[] var='CC' -> '/home/michael/bin/go/6c'

Checking for program 6g

find program=['6g'] paths=[] var='GC' -> '/home/michael/bin/go/6g'

Checking for program 6l

find program=['6l'] paths=[] var='LD' -> '/home/michael/bin/go/6l'

Checking for program gopack

find program=['gopack'] paths=[] var='GOPACK' -> '/home/michael/bin/go/gopack'

Checking for program gofmt

find program=['gofmt'] paths=[] var='GOFMT' -> '/home/michael/bin/go/gofmt'

Checking for program gotest

find program=['gotest'] paths=[] var='GOTEST' -> '/home/michael/bin/go/gotest'

Checking for program godoc

find program=['godoc'] paths=[] var='GODOC' -> '/home/michael/bin/go/godoc'

Checking for program cgo

find program=['cgo'] paths=[] var='CGO' -> '/home/michael/bin/go/cgo'

